This file contains any messages produced by compilers while
running configure, to aid debugging if configure makes a mistake.

It was created by configure, which was
generated by GNU Autoconf 2.65.  Invocation command line was

  $ ./configure 

## --------- ##
## Platform. ##
## --------- ##

hostname = Excalibur
uname -m = x86_64
uname -r = 2.6.32-21-generic
uname -s = Linux
uname -v = #32-Ubuntu SMP Fri Apr 16 08:09:38 UTC 2010

/usr/bin/uname -p = unknown
/bin/uname -X     = unknown

/bin/arch              = unknown
/usr/bin/arch -k       = unknown
/usr/convex/getsysinfo = unknown
/usr/bin/hostinfo      = unknown
/bin/machine           = unknown
/usr/bin/oslevel       = unknown
/bin/universe          = unknown

PATH: /home/ben/.gem/ruby/1.8/bin
PATH: /usr/lib/ruby/gems/1.8/bin
PATH: /home/ben/bin
PATH: /usr/local/sbin
PATH: /usr/local/bin
PATH: /usr/sbin
PATH: /usr/bin
PATH: /sbin
PATH: /bin
PATH: /usr/games
PATH: /home/ben/Downloads/ec2/ec2-api-tools-1.3-42584/bin


## ----------- ##
## Core tests. ##
## ----------- ##

configure:2410: checking for a BSD-compatible install
configure:2478: result: /usr/bin/install -c
configure:2489: checking whether build environment is sane
configure:2539: result: yes
configure:2680: checking for a thread-safe mkdir -p
configure:2719: result: /bin/mkdir -p
configure:2732: checking for gawk
configure:2748: found /usr/bin/gawk
configure:2759: result: gawk
configure:2770: checking whether make sets $(MAKE)
configure:2792: result: yes
configure:2927: checking for gcc
configure:2943: found /usr/bin/gcc
configure:2954: result: gcc
configure:3183: checking for C compiler version
configure:3192: gcc --version >&5
gcc (Ubuntu 4.4.3-4ubuntu5) 4.4.3
Copyright (C) 2009 Free Software Foundation, Inc.
This is free software; see the source for copying conditions.  There is NO
warranty; not even for MERCHANTABILITY or FITNESS FOR A PARTICULAR PURPOSE.

configure:3203: $? = 0
configure:3192: gcc -v >&5
Using built-in specs.
Target: x86_64-linux-gnu
Configured with: ../src/configure -v --with-pkgversion='Ubuntu 4.4.3-4ubuntu5' --with-bugurl=file:///usr/share/doc/gcc-4.4/README.Bugs --enable-languages=c,c++,fortran,objc,obj-c++ --prefix=/usr --enable-shared --enable-multiarch --enable-linker-build-id --with-system-zlib --libexecdir=/usr/lib --without-included-gettext --enable-threads=posix --with-gxx-include-dir=/usr/include/c++/4.4 --program-suffix=-4.4 --enable-nls --enable-clocale=gnu --enable-libstdcxx-debug --enable-plugin --enable-objc-gc --disable-werror --with-arch-32=i486 --with-tune=generic --enable-checking=release --build=x86_64-linux-gnu --host=x86_64-linux-gnu --target=x86_64-linux-gnu
Thread model: posix
gcc version 4.4.3 (Ubuntu 4.4.3-4ubuntu5) 
configure:3203: $? = 0
configure:3192: gcc -V >&5
gcc: '-V' option must have argument
configure:3203: $? = 1
configure:3192: gcc -qversion >&5
gcc: unrecognized option '-qversion'
gcc: no input files
configure:3203: $? = 1
configure:3223: checking whether the C compiler works
configure:3245: gcc    conftest.c  >&5
configure:3249: $? = 0
configure:3298: result: yes
configure:3301: checking for C compiler default output file name
configure:3303: result: a.out
configure:3309: checking for suffix of executables
configure:3316: gcc -o conftest    conftest.c  >&5
configure:3320: $? = 0
configure:3342: result: 
configure:3364: checking whether we are cross compiling
configure:3372: gcc -o conftest    conftest.c  >&5
configure:3376: $? = 0
configure:3383: ./conftest
configure:3387: $? = 0
configure:3402: result: no
configure:3407: checking for suffix of object files
configure:3429: gcc -c   conftest.c >&5
configure:3433: $? = 0
configure:3454: result: o
configure:3458: checking whether we are using the GNU C compiler
configure:3477: gcc -c   conftest.c >&5
configure:3477: $? = 0
configure:3486: result: yes
configure:3495: checking whether gcc accepts -g
configure:3515: gcc -c -g  conftest.c >&5
configure:3515: $? = 0
configure:3556: result: yes
configure:3573: checking for gcc option to accept ISO C89
configure:3637: gcc  -c -g -O2  conftest.c >&5
configure:3637: $? = 0
configure:3650: result: none needed
configure:3681: checking for style of include used by make
configure:3709: result: GNU
configure:3734: checking dependency style of gcc
configure:3844: result: gcc3
configure:3865: checking how to run the C preprocessor
configure:3896: gcc -E  conftest.c
configure:3896: $? = 0
configure:3910: gcc -E  conftest.c
conftest.c:11:28: error: ac_nonexistent.h: No such file or directory
configure:3910: $? = 1
configure: failed program was:
| /* confdefs.h */
| #define PACKAGE_NAME ""
| #define PACKAGE_TARNAME ""
| #define PACKAGE_VERSION ""
| #define PACKAGE_STRING ""
| #define PACKAGE_BUGREPORT ""
| #define PACKAGE_URL ""
| #define PACKAGE "html2xhtml"
| #define VERSION "1.1.2-2"
| /* end confdefs.h.  */
| #include <ac_nonexistent.h>
configure:3935: result: gcc -E
configure:3955: gcc -E  conftest.c
configure:3955: $? = 0
configure:3969: gcc -E  conftest.c
conftest.c:11:28: error: ac_nonexistent.h: No such file or directory
configure:3969: $? = 1
configure: failed program was:
| /* confdefs.h */
| #define PACKAGE_NAME ""
| #define PACKAGE_TARNAME ""
| #define PACKAGE_VERSION ""
| #define PACKAGE_STRING ""
| #define PACKAGE_BUGREPORT ""
| #define PACKAGE_URL ""
| #define PACKAGE "html2xhtml"
| #define VERSION "1.1.2-2"
| /* end confdefs.h.  */
| #include <ac_nonexistent.h>
configure:3998: checking for grep that handles long lines and -e
configure:4056: result: /bin/grep
configure:4061: checking for egrep
configure:4123: result: /bin/grep -E
configure:4128: checking for ANSI C header files
configure:4148: gcc -c -g -O2  conftest.c >&5
configure:4148: $? = 0
configure:4221: gcc -o conftest -g -O2   conftest.c  >&5
configure:4221: $? = 0
configure:4221: ./conftest
configure:4221: $? = 0
configure:4232: result: yes
configure:4245: checking for sys/types.h
configure:4245: gcc -c -g -O2  conftest.c >&5
configure:4245: $? = 0
configure:4245: result: yes
configure:4245: checking for sys/stat.h
configure:4245: gcc -c -g -O2  conftest.c >&5
configure:4245: $? = 0
configure:4245: result: yes
configure:4245: checking for stdlib.h
configure:4245: gcc -c -g -O2  conftest.c >&5
configure:4245: $? = 0
configure:4245: result: yes
configure:4245: checking for string.h
configure:4245: gcc -c -g -O2  conftest.c >&5
configure:4245: $? = 0
configure:4245: result: yes
configure:4245: checking for memory.h
configure:4245: gcc -c -g -O2  conftest.c >&5
configure:4245: $? = 0
configure:4245: result: yes
configure:4245: checking for strings.h
configure:4245: gcc -c -g -O2  conftest.c >&5
configure:4245: $? = 0
configure:4245: result: yes
configure:4245: checking for inttypes.h
configure:4245: gcc -c -g -O2  conftest.c >&5
configure:4245: $? = 0
configure:4245: result: yes
configure:4245: checking for stdint.h
configure:4245: gcc -c -g -O2  conftest.c >&5
configure:4245: $? = 0
configure:4245: result: yes
configure:4245: checking for unistd.h
configure:4245: gcc -c -g -O2  conftest.c >&5
configure:4245: $? = 0
configure:4245: result: yes
configure:4259: checking minix/config.h usability
configure:4259: gcc -c -g -O2  conftest.c >&5
conftest.c:54:26: error: minix/config.h: No such file or directory
configure:4259: $? = 1
configure: failed program was:
| /* confdefs.h */
| #define PACKAGE_NAME ""
| #define PACKAGE_TARNAME ""
| #define PACKAGE_VERSION ""
| #define PACKAGE_STRING ""
| #define PACKAGE_BUGREPORT ""
| #define PACKAGE_URL ""
| #define PACKAGE "html2xhtml"
| #define VERSION "1.1.2-2"
| #define STDC_HEADERS 1
| #define HAVE_SYS_TYPES_H 1
| #define HAVE_SYS_STAT_H 1
| #define HAVE_STDLIB_H 1
| #define HAVE_STRING_H 1
| #define HAVE_MEMORY_H 1
| #define HAVE_STRINGS_H 1
| #define HAVE_INTTYPES_H 1
| #define HAVE_STDINT_H 1
| #define HAVE_UNISTD_H 1
| /* end confdefs.h.  */
| #include <stdio.h>
| #ifdef HAVE_SYS_TYPES_H
| # include <sys/types.h>
| #endif
| #ifdef HAVE_SYS_STAT_H
| # include <sys/stat.h>
| #endif
| #ifdef STDC_HEADERS
| # include <stdlib.h>
| # include <stddef.h>
| #else
| # ifdef HAVE_STDLIB_H
| #  include <stdlib.h>
| # endif
| #endif
| #ifdef HAVE_STRING_H
| # if !defined STDC_HEADERS && defined HAVE_MEMORY_H
| #  include <memory.h>
| # endif
| # include <string.h>
| #endif
| #ifdef HAVE_STRINGS_H
| # include <strings.h>
| #endif
| #ifdef HAVE_INTTYPES_H
| # include <inttypes.h>
| #endif
| #ifdef HAVE_STDINT_H
| # include <stdint.h>
| #endif
| #ifdef HAVE_UNISTD_H
| # include <unistd.h>
| #endif
| #include <minix/config.h>
configure:4259: result: no
configure:4259: checking minix/config.h presence
configure:4259: gcc -E  conftest.c
conftest.c:21:26: error: minix/config.h: No such file or directory
configure:4259: $? = 1
configure: failed program was:
| /* confdefs.h */
| #define PACKAGE_NAME ""
| #define PACKAGE_TARNAME ""
| #define PACKAGE_VERSION ""
| #define PACKAGE_STRING ""
| #define PACKAGE_BUGREPORT ""
| #define PACKAGE_URL ""
| #define PACKAGE "html2xhtml"
| #define VERSION "1.1.2-2"
| #define STDC_HEADERS 1
| #define HAVE_SYS_TYPES_H 1
| #define HAVE_SYS_STAT_H 1
| #define HAVE_STDLIB_H 1
| #define HAVE_STRING_H 1
| #define HAVE_MEMORY_H 1
| #define HAVE_STRINGS_H 1
| #define HAVE_INTTYPES_H 1
| #define HAVE_STDINT_H 1
| #define HAVE_UNISTD_H 1
| /* end confdefs.h.  */
| #include <minix/config.h>
configure:4259: result: no
configure:4259: checking for minix/config.h
configure:4259: result: no
configure:4280: checking whether it is safe to define __EXTENSIONS__
configure:4298: gcc -c -g -O2  conftest.c >&5
configure:4298: $? = 0
configure:4305: result: yes
configure:4349: checking build system type
configure:4363: result: x86_64-unknown-linux-gnu
configure:4383: checking host system type
configure:4396: result: x86_64-unknown-linux-gnu
configure:4416: checking for a sed that does not truncate output
configure:4480: result: /bin/sed
configure:4498: checking for fgrep
configure:4560: result: /bin/grep -F
configure:4595: checking for ld used by gcc
configure:4662: result: /usr/bin/ld
configure:4669: checking if the linker (/usr/bin/ld) is GNU ld
configure:4684: result: yes
configure:4696: checking for BSD- or MS-compatible name lister (nm)
configure:4745: result: /usr/bin/nm -B
configure:4863: checking the name lister (/usr/bin/nm -B) interface
configure:4870: gcc -c -g -O2  conftest.c >&5
configure:4873: /usr/bin/nm -B "conftest.o"
configure:4876: output
0000000000000000 B some_variable
configure:4883: result: BSD nm
configure:4886: checking whether ln -s works
configure:4890: result: yes
configure:4898: checking the maximum length of command line arguments
configure:5018: result: 1572864
configure:5035: checking whether the shell understands some XSI constructs
configure:5045: result: yes
configure:5049: checking whether the shell understands "+="
configure:5055: result: yes
configure:5090: checking for /usr/bin/ld option to reload object files
configure:5097: result: -r
configure:5166: checking for objdump
configure:5182: found /usr/bin/objdump
configure:5193: result: objdump
configure:5225: checking how to recognize dependent libraries
configure:5421: result: pass_all
configure:5481: checking for ar
configure:5497: found /usr/bin/ar
configure:5508: result: ar
configure:5586: checking for strip
configure:5602: found /usr/bin/strip
configure:5613: result: strip
configure:5685: checking for ranlib
configure:5701: found /usr/bin/ranlib
configure:5712: result: ranlib
configure:5802: checking command to parse /usr/bin/nm -B output from gcc object
configure:5920: gcc -c -g -O2  conftest.c >&5
configure:5923: $? = 0
configure:5927: /usr/bin/nm -B conftest.o \| sed -n -e 's/^.*[	 ]\([ABCDGIRSTW][ABCDGIRSTW]*\)[	 ][	 ]*\([_A-Za-z][_A-Za-z0-9]*\)$/\1 \2 \2/p' \> conftest.nm
configure:5930: $? = 0
configure:5984: gcc -o conftest -g -O2   conftest.c conftstm.o >&5
configure:5987: $? = 0
configure:6025: result: ok
configure:6120: gcc -c -g -O2  conftest.c >&5
configure:6123: $? = 0
configure:6830: checking for dlfcn.h
configure:6830: gcc -c -g -O2  conftest.c >&5
configure:6830: $? = 0
configure:6830: result: yes
configure:7014: checking for objdir
configure:7029: result: .libs
configure:7321: checking if gcc supports -fno-rtti -fno-exceptions
configure:7339: gcc -c -g -O2  -fno-rtti -fno-exceptions conftest.c >&5
cc1: warning: command line option "-fno-rtti" is valid for C++/ObjC++ but not for C
configure:7343: $? = 0
configure:7356: result: no
configure:7376: checking for gcc option to produce PIC
configure:7648: result: -fPIC -DPIC
configure:7660: checking if gcc PIC flag -fPIC -DPIC works
configure:7678: gcc -c -g -O2  -fPIC -DPIC -DPIC conftest.c >&5
configure:7682: $? = 0
configure:7695: result: yes
configure:7719: checking if gcc static flag -static works
configure:7747: result: yes
configure:7762: checking if gcc supports -c -o file.o
configure:7783: gcc -c -g -O2  -o out/conftest2.o conftest.c >&5
configure:7787: $? = 0
configure:7809: result: yes
configure:7817: checking if gcc supports -c -o file.o
configure:7864: result: yes
configure:7897: checking whether the gcc linker (/usr/bin/ld -m elf_x86_64) supports shared libraries
configure:8888: result: yes
configure:8925: checking whether -lc should be explicitly linked in
configure:8930: gcc -c -g -O2  conftest.c >&5
configure:8933: $? = 0
configure:8948: gcc -shared conftest.o  -v -Wl,-soname -Wl,conftest -o conftest 2\>\&1 \| /bin/grep  -lc  \>/dev/null 2\>\&1
configure:8951: $? = 0
configure:8963: result: no
configure:9127: checking dynamic linker characteristics
configure:9560: gcc -o conftest -g -O2   -Wl,-rpath -Wl,/foo conftest.c  >&5
configure:9560: $? = 0
configure:9790: result: GNU/Linux ld.so
configure:9892: checking how to hardcode library paths into programs
configure:9917: result: immediate
configure:10437: checking whether stripping libraries is possible
configure:10442: result: yes
configure:10477: checking if libtool supports shared libraries
configure:10479: result: yes
configure:10482: checking whether to build shared libraries
configure:10503: result: yes
configure:10506: checking whether to build static libraries
configure:10510: result: yes
configure:10549: checking for flex
configure:10579: result: no
configure:10549: checking for lex
configure:10579: result: no
configure:10709: checking for bison
configure:10725: found /usr/bin/bison
configure:10736: result: bison -y
configure:10788: checking for ld used by GCC
configure:10852: result: /usr/bin/ld -m elf_x86_64
configure:10859: checking if the linker (/usr/bin/ld -m elf_x86_64) is GNU ld
configure:10872: result: yes
configure:10879: checking for shared library run path origin
configure:10892: result: done
configure:11400: checking for iconv
configure:11422: gcc -o conftest -g -O2   conftest.c  >&5
configure:11422: $? = 0
configure:11454: result: yes
configure:11457: checking for working iconv
configure:11533: gcc -o conftest -g -O2   conftest.c  >&5
configure:11533: $? = 0
configure:11533: ./conftest
configure:11533: $? = 0
configure:11545: result: yes
configure:11573: checking for iconv declaration
configure:11602: gcc -c -g -O2  conftest.c >&5
configure:11602: $? = 0
configure:11613: result: install-shextern size_t iconv (iconv_t cd, char * *inbuf, size_t *inbytesleft, char * *outbuf, size_t *outbytesleft);
configure:11627: checking for working alloca.h
configure:11644: gcc -o conftest -g -O2   conftest.c  >&5
configure:11644: $? = 0
configure:11652: result: yes
configure:11660: checking for alloca
configure:11697: gcc -o conftest -g -O2   conftest.c  >&5
configure:11697: $? = 0
configure:11705: result: yes
configure:11815: checking for ANSI C header files
configure:11919: result: yes
configure:11930: checking libintl.h usability
configure:11930: gcc -c -g -O2  conftest.c >&5
configure:11930: $? = 0
configure:11930: result: yes
configure:11930: checking libintl.h presence
configure:11930: gcc -E  conftest.c
configure:11930: $? = 0
configure:11930: result: yes
configure:11930: checking for libintl.h
configure:11930: result: yes
configure:11930: checking malloc.h usability
configure:11930: gcc -c -g -O2  conftest.c >&5
configure:11930: $? = 0
configure:11930: result: yes
configure:11930: checking malloc.h presence
configure:11930: gcc -E  conftest.c
configure:11930: $? = 0
configure:11930: result: yes
configure:11930: checking for malloc.h
configure:11930: result: yes
configure:11930: checking stddef.h usability
configure:11930: gcc -c -g -O2  conftest.c >&5
configure:11930: $? = 0
configure:11930: result: yes
configure:11930: checking stddef.h presence
configure:11930: gcc -E  conftest.c
configure:11930: $? = 0
configure:11930: result: yes
configure:11930: checking for stddef.h
configure:11930: result: yes
configure:11930: checking for stdlib.h
configure:11930: result: yes
configure:11930: checking for string.h
configure:11930: result: yes
configure:11930: checking for unistd.h
configure:11930: result: yes
configure:11943: checking for an ANSI C-conforming const
configure:12008: gcc -c -g -O2  conftest.c >&5
configure:12008: $? = 0
configure:12015: result: yes
configure:12023: checking for size_t
configure:12023: gcc -c -g -O2  conftest.c >&5
configure:12023: $? = 0
configure:12023: gcc -c -g -O2  conftest.c >&5
conftest.c: In function 'main':
conftest.c:75: error: expected expression before ')' token
configure:12023: $? = 1
configure: failed program was:
| /* confdefs.h */
| #define PACKAGE_NAME ""
| #define PACKAGE_TARNAME ""
| #define PACKAGE_VERSION ""
| #define PACKAGE_STRING ""
| #define PACKAGE_BUGREPORT ""
| #define PACKAGE_URL ""
| #define PACKAGE "html2xhtml"
| #define VERSION "1.1.2-2"
| #define STDC_HEADERS 1
| #define HAVE_SYS_TYPES_H 1
| #define HAVE_SYS_STAT_H 1
| #define HAVE_STDLIB_H 1
| #define HAVE_STRING_H 1
| #define HAVE_MEMORY_H 1
| #define HAVE_STRINGS_H 1
| #define HAVE_INTTYPES_H 1
| #define HAVE_STDINT_H 1
| #define HAVE_UNISTD_H 1
| #define __EXTENSIONS__ 1
| #define _ALL_SOURCE 1
| #define _GNU_SOURCE 1
| #define _POSIX_PTHREAD_SEMANTICS 1
| #define _TANDEM_SOURCE 1
| #define HAVE_DLFCN_H 1
| #define LT_OBJDIR ".libs/"
| #define HAVE_ICONV 1
| #define ICONV_CONST 
| #define HAVE_ALLOCA_H 1
| #define HAVE_ALLOCA 1
| #define STDC_HEADERS 1
| #define HAVE_LIBINTL_H 1
| #define HAVE_MALLOC_H 1
| #define HAVE_STDDEF_H 1
| #define HAVE_STDLIB_H 1
| #define HAVE_STRING_H 1
| #define HAVE_UNISTD_H 1
| /* end confdefs.h.  */
| #include <stdio.h>
| #ifdef HAVE_SYS_TYPES_H
| # include <sys/types.h>
| #endif
| #ifdef HAVE_SYS_STAT_H
| # include <sys/stat.h>
| #endif
| #ifdef STDC_HEADERS
| # include <stdlib.h>
| # include <stddef.h>
| #else
| # ifdef HAVE_STDLIB_H
| #  include <stdlib.h>
| # endif
| #endif
| #ifdef HAVE_STRING_H
| # if !defined STDC_HEADERS && defined HAVE_MEMORY_H
| #  include <memory.h>
| # endif
| # include <string.h>
| #endif
| #ifdef HAVE_STRINGS_H
| # include <strings.h>
| #endif
| #ifdef HAVE_INTTYPES_H
| # include <inttypes.h>
| #endif
| #ifdef HAVE_STDINT_H
| # include <stdint.h>
| #endif
| #ifdef HAVE_UNISTD_H
| # include <unistd.h>
| #endif
| int
| main ()
| {
| if (sizeof ((size_t)))
| 	    return 0;
|   ;
|   return 0;
| }
configure:12023: result: yes
configure:12038: checking for stdlib.h
configure:12038: result: yes
configure:12048: checking for GNU libc compatible malloc
configure:12072: gcc -o conftest -g -O2   conftest.c  >&5
configure:12072: $? = 0
configure:12072: ./conftest
configure:12072: $? = 0
configure:12082: result: yes
configure:12105: checking for stdlib.h
configure:12105: result: yes
configure:12115: checking for GNU libc compatible realloc
configure:12139: gcc -o conftest -g -O2   conftest.c  >&5
configure:12139: $? = 0
configure:12139: ./conftest
configure:12139: $? = 0
configure:12149: result: yes
configure:12173: checking for strcasecmp
configure:12173: gcc -o conftest -g -O2   conftest.c  >&5
conftest.c:66: warning: conflicting types for built-in function 'strcasecmp'
configure:12173: $? = 0
configure:12173: result: yes
configure:12173: checking for strstr
configure:12173: gcc -o conftest -g -O2   conftest.c  >&5
conftest.c:67: warning: conflicting types for built-in function 'strstr'
configure:12173: $? = 0
configure:12173: result: yes
configure:12173: checking for memmem
configure:12173: gcc -o conftest -g -O2   conftest.c  >&5
configure:12173: $? = 0
configure:12173: result: yes
configure:12304: creating ./config.status

## ---------------------- ##
## Running config.status. ##
## ---------------------- ##

This file was extended by config.status, which was
generated by GNU Autoconf 2.65.  Invocation command line was

  CONFIG_FILES    = 
  CONFIG_HEADERS  = 
  CONFIG_LINKS    = 
  CONFIG_COMMANDS = 
  $ ./config.status 

on Excalibur

config.status:1098: creating Makefile
config.status:1098: creating src/Makefile
config.status:1098: creating doc/Makefile
config.status:1098: creating dtdcoder/Makefile
config.status:1098: creating charset_coder/Makefile
config.status:1098: creating tests/Makefile
config.status:1098: creating config.h
config.status:1318: executing depfiles commands
config.status:1318: executing libtool commands

## ---------------- ##
## Cache variables. ##
## ---------------- ##

ac_cv_build=x86_64-unknown-linux-gnu
ac_cv_c_compiler_gnu=yes
ac_cv_c_const=yes
ac_cv_env_CC_set=
ac_cv_env_CC_value=
ac_cv_env_CFLAGS_set=
ac_cv_env_CFLAGS_value=
ac_cv_env_CPPFLAGS_set=
ac_cv_env_CPPFLAGS_value=
ac_cv_env_CPP_set=
ac_cv_env_CPP_value=
ac_cv_env_LDFLAGS_set=
ac_cv_env_LDFLAGS_value=
ac_cv_env_LIBS_set=
ac_cv_env_LIBS_value=
ac_cv_env_YACC_set=
ac_cv_env_YACC_value=
ac_cv_env_YFLAGS_set=
ac_cv_env_YFLAGS_value=
ac_cv_env_build_alias_set=
ac_cv_env_build_alias_value=
ac_cv_env_host_alias_set=
ac_cv_env_host_alias_value=
ac_cv_env_target_alias_set=
ac_cv_env_target_alias_value=
ac_cv_func_alloca_works=yes
ac_cv_func_malloc_0_nonnull=yes
ac_cv_func_memmem=yes
ac_cv_func_realloc_0_nonnull=yes
ac_cv_func_strcasecmp=yes
ac_cv_func_strstr=yes
ac_cv_header_dlfcn_h=yes
ac_cv_header_inttypes_h=yes
ac_cv_header_libintl_h=yes
ac_cv_header_malloc_h=yes
ac_cv_header_memory_h=yes
ac_cv_header_minix_config_h=no
ac_cv_header_stdc=yes
ac_cv_header_stddef_h=yes
ac_cv_header_stdint_h=yes
ac_cv_header_stdlib_h=yes
ac_cv_header_string_h=yes
ac_cv_header_strings_h=yes
ac_cv_header_sys_stat_h=yes
ac_cv_header_sys_types_h=yes
ac_cv_header_unistd_h=yes
ac_cv_host=x86_64-unknown-linux-gnu
ac_cv_objext=o
ac_cv_path_EGREP='/bin/grep -E'
ac_cv_path_FGREP='/bin/grep -F'
ac_cv_path_GREP=/bin/grep
ac_cv_path_SED=/bin/sed
ac_cv_path_install='/usr/bin/install -c'
ac_cv_path_mkdir=/bin/mkdir
ac_cv_prog_AWK=gawk
ac_cv_prog_CPP='gcc -E'
ac_cv_prog_YACC='bison -y'
ac_cv_prog_ac_ct_AR=ar
ac_cv_prog_ac_ct_CC=gcc
ac_cv_prog_ac_ct_OBJDUMP=objdump
ac_cv_prog_ac_ct_RANLIB=ranlib
ac_cv_prog_ac_ct_STRIP=strip
ac_cv_prog_cc_c89=
ac_cv_prog_cc_g=yes
ac_cv_prog_make_make_set=yes
ac_cv_safe_to_define___extensions__=yes
ac_cv_type_size_t=yes
ac_cv_working_alloca_h=yes
acl_cv_hardcode_direct=no
acl_cv_hardcode_libdir_flag_spec='${wl}-rpath ${wl}$libdir'
acl_cv_hardcode_libdir_separator=
acl_cv_hardcode_minus_L=no
acl_cv_libext=a
acl_cv_libname_spec='lib$name'
acl_cv_library_names_spec='$libname$shrext'
acl_cv_path_LD='/usr/bin/ld -m elf_x86_64'
acl_cv_prog_gnu_ld=yes
acl_cv_rpath=done
acl_cv_shlibext=so
acl_cv_wl=-Wl,
am_cv_CC_dependencies_compiler_type=gcc3
am_cv_func_iconv=yes
am_cv_func_iconv_works=yes
am_cv_lib_iconv=no
am_cv_proto_iconv='extern size_t iconv (iconv_t cd, char * *inbuf, size_t *inbytesleft, char * *outbuf, size_t *outbytesleft);'
am_cv_proto_iconv_arg1=
lt_cv_deplibs_check_method=pass_all
lt_cv_file_magic_cmd='$MAGIC_CMD'
lt_cv_file_magic_test_file=
lt_cv_ld_reload_flag=-r
lt_cv_nm_interface='BSD nm'
lt_cv_objdir=.libs
lt_cv_path_LD=/usr/bin/ld
lt_cv_path_NM='/usr/bin/nm -B'
lt_cv_prog_compiler_c_o=yes
lt_cv_prog_compiler_pic_works=yes
lt_cv_prog_compiler_rtti_exceptions=no
lt_cv_prog_compiler_static_works=yes
lt_cv_prog_gnu_ld=yes
lt_cv_sys_global_symbol_pipe='sed -n -e '\''s/^.*[	 ]\([ABCDGIRSTW][ABCDGIRSTW]*\)[	 ][	 ]*\([_A-Za-z][_A-Za-z0-9]*\)$/\1 \2 \2/p'\'''
lt_cv_sys_global_symbol_to_c_name_address='sed -n -e '\''s/^: \([^ ]*\) $/  {\"\1\", (void *) 0},/p'\'' -e '\''s/^[ABCDGIRSTW]* \([^ ]*\) \([^ ]*\)$/  {"\2", (void *) \&\2},/p'\'''
lt_cv_sys_global_symbol_to_c_name_address_lib_prefix='sed -n -e '\''s/^: \([^ ]*\) $/  {\"\1\", (void *) 0},/p'\'' -e '\''s/^[ABCDGIRSTW]* \([^ ]*\) \(lib[^ ]*\)$/  {"\2", (void *) \&\2},/p'\'' -e '\''s/^[ABCDGIRSTW]* \([^ ]*\) \([^ ]*\)$/  {"lib\2", (void *) \&\2},/p'\'''
lt_cv_sys_global_symbol_to_cdecl='sed -n -e '\''s/^T .* \(.*\)$/extern int \1();/p'\'' -e '\''s/^[ABCDGIRSTW]* .* \(.*\)$/extern char \1;/p'\'''
lt_cv_sys_max_cmd_len=1572864

## ----------------- ##
## Output variables. ##
## ----------------- ##

ACLOCAL='${SHELL} /home/ben/Projects/Html2Trac/html2xhtml-1.1.2-2/missing --run aclocal-1.11'
ALLOCA=''
AMDEPBACKSLASH='\'
AMDEP_FALSE='#'
AMDEP_TRUE=''
AMTAR='${SHELL} /home/ben/Projects/Html2Trac/html2xhtml-1.1.2-2/missing --run tar'
AR='ar'
AUTOCONF='${SHELL} /home/ben/Projects/Html2Trac/html2xhtml-1.1.2-2/missing --run autoconf'
AUTOHEADER='${SHELL} /home/ben/Projects/Html2Trac/html2xhtml-1.1.2-2/missing --run autoheader'
AUTOMAKE='${SHELL} /home/ben/Projects/Html2Trac/html2xhtml-1.1.2-2/missing --run automake-1.11'
AWK='gawk'
CC='gcc'
CCDEPMODE='depmode=gcc3'
CFLAGS='-g -O2'
CPP='gcc -E'
CPPFLAGS=''
CYGPATH_W='echo'
DEFS='-DHAVE_CONFIG_H'
DEPDIR='.deps'
DSYMUTIL=''
DUMPBIN=''
ECHO_C=''
ECHO_N='-n'
ECHO_T=''
EGREP='/bin/grep -E'
EXEEXT=''
FGREP='/bin/grep -F'
GREP='/bin/grep'
INSTALL_DATA='${INSTALL} -m 644'
INSTALL_PROGRAM='${INSTALL}'
INSTALL_SCRIPT='${INSTALL}'
INSTALL_STRIP_PROGRAM='$(install_sh) -c -s'
LD='/usr/bin/ld -m elf_x86_64'
LDFLAGS=''
LEX='${SHELL} /home/ben/Projects/Html2Trac/html2xhtml-1.1.2-2/missing --run flex'
LEXLIB=''
LEX_OUTPUT_ROOT=''
LIBICONV=''
LIBOBJS=''
LIBS=''
LIBTOOL='$(SHELL) $(top_builddir)/libtool'
LIPO=''
LN_S='ln -s'
LTLIBICONV=''
LTLIBOBJS=''
MAKEINFO='${SHELL} /home/ben/Projects/Html2Trac/html2xhtml-1.1.2-2/missing --run makeinfo'
MKDIR_P='/bin/mkdir -p'
NM='/usr/bin/nm -B'
NMEDIT=''
OBJDUMP='objdump'
OBJEXT='o'
OTOOL64=''
OTOOL=''
PACKAGE='html2xhtml'
PACKAGE_BUGREPORT=''
PACKAGE_NAME=''
PACKAGE_STRING=''
PACKAGE_TARNAME=''
PACKAGE_URL=''
PACKAGE_VERSION=''
PATH_SEPARATOR=':'
RANLIB='ranlib'
SED='/bin/sed'
SET_MAKE=''
SHELL='/bin/bash'
STRIP='strip'
VERSION='1.1.2-2'
YACC='bison -y'
YFLAGS=''
ac_ct_CC='gcc'
ac_ct_DUMPBIN=''
am__EXEEXT_FALSE=''
am__EXEEXT_TRUE='#'
am__fastdepCC_FALSE='#'
am__fastdepCC_TRUE=''
am__include='include'
am__isrc=''
am__leading_dot='.'
am__quote=''
am__tar='${AMTAR} chof - "$$tardir"'
am__untar='${AMTAR} xf -'
bindir='${exec_prefix}/bin'
build='x86_64-unknown-linux-gnu'
build_alias=''
build_cpu='x86_64'
build_os='linux-gnu'
build_vendor='unknown'
datadir='${datarootdir}'
datarootdir='${prefix}/share'
docdir='${datarootdir}/doc/${PACKAGE}'
dvidir='${docdir}'
exec_prefix='${prefix}'
host='x86_64-unknown-linux-gnu'
host_alias=''
host_cpu='x86_64'
host_os='linux-gnu'
host_vendor='unknown'
htmldir='${docdir}'
includedir='${prefix}/include'
infodir='${datarootdir}/info'
install_sh='${SHELL} /home/ben/Projects/Html2Trac/html2xhtml-1.1.2-2/install-sh'
libdir='${exec_prefix}/lib'
libexecdir='${exec_prefix}/libexec'
localedir='${datarootdir}/locale'
localstatedir='${prefix}/var'
lt_ECHO='echo'
mandir='${datarootdir}/man'
mkdir_p='/bin/mkdir -p'
oldincludedir='/usr/include'
pdfdir='${docdir}'
prefix='/usr/local'
program_transform_name='s,x,x,'
psdir='${docdir}'
sbindir='${exec_prefix}/sbin'
sharedstatedir='${prefix}/com'
sysconfdir='${prefix}/etc'
target_alias=''

## ----------- ##
## confdefs.h. ##
## ----------- ##

/* confdefs.h */
#define PACKAGE_NAME ""
#define PACKAGE_TARNAME ""
#define PACKAGE_VERSION ""
#define PACKAGE_STRING ""
#define PACKAGE_BUGREPORT ""
#define PACKAGE_URL ""
#define PACKAGE "html2xhtml"
#define VERSION "1.1.2-2"
#define STDC_HEADERS 1
#define HAVE_SYS_TYPES_H 1
#define HAVE_SYS_STAT_H 1
#define HAVE_STDLIB_H 1
#define HAVE_STRING_H 1
#define HAVE_MEMORY_H 1
#define HAVE_STRINGS_H 1
#define HAVE_INTTYPES_H 1
#define HAVE_STDINT_H 1
#define HAVE_UNISTD_H 1
#define __EXTENSIONS__ 1
#define _ALL_SOURCE 1
#define _GNU_SOURCE 1
#define _POSIX_PTHREAD_SEMANTICS 1
#define _TANDEM_SOURCE 1
#define HAVE_DLFCN_H 1
#define LT_OBJDIR ".libs/"
#define HAVE_ICONV 1
#define ICONV_CONST 
#define HAVE_ALLOCA_H 1
#define HAVE_ALLOCA 1
#define STDC_HEADERS 1
#define HAVE_LIBINTL_H 1
#define HAVE_MALLOC_H 1
#define HAVE_STDDEF_H 1
#define HAVE_STDLIB_H 1
#define HAVE_STRING_H 1
#define HAVE_UNISTD_H 1
#define HAVE_STDLIB_H 1
#define HAVE_MALLOC 1
#define HAVE_STDLIB_H 1
#define HAVE_REALLOC 1
#define HAVE_STRCASECMP 1
#define HAVE_STRSTR 1
#define HAVE_MEMMEM 1

configure: exit 0
